{"uuid":"a18eba4c-e0e5-4651-859a-acacd40e8371","name":"com.dropbox.init.BaseClass.beforeMethod","children":["8452f896-a308-4e0e-aedb-158812420f69"],"description":"","befores":[{"name":"beforeMethod","status":"broken","statusDetails":{"known":false,"muted":false,"flaky":false,"message":"Expected condition failed: waiting for title to contain \"Home - Dropbox\". Current title: \"Files - Dropbox\" (tried for 60 second(s) with 500 milliseconds interval)\nBuild info: version: '3.14.0', revision: 'aacccce0', time: '2018-08-02T20:19:58.91Z'\nSystem info: host: 'Rahuls-MacBook-Air.local', ip: '2405:201:400c:90af:3464:e250:e664:4bef%en0', os.name: 'Mac OS X', os.arch: 'x86_64', os.version: '10.16', java.version: '15.0.2'\nDriver info: org.openqa.selenium.chrome.ChromeDriver\nCapabilities {acceptInsecureCerts: false, browserName: chrome, browserVersion: 91.0.4472.77, chrome: {chromedriverVersion: 91.0.4472.19 (1bf021f248676..., userDataDir: /var/folders/gq/xl4v57ws5fz...}, goog:chromeOptions: {debuggerAddress: localhost:62674}, javascriptEnabled: true, networkConnectionEnabled: false, pageLoadStrategy: normal, platform: MAC, platformName: MAC, proxy: Proxy(), setWindowRect: true, strictFileInteractability: false, timeouts: {implicit: 0, pageLoad: 300000, script: 30000}, unhandledPromptBehavior: dismiss and notify, webauthn:extension:largeBlob: true, webauthn:virtualAuthenticators: true}\nSession ID: 8edd37d16f655fae27a950de62000a07","trace":"org.openqa.selenium.TimeoutException: Expected condition failed: waiting for title to contain \"Home - Dropbox\". Current title: \"Files - Dropbox\" (tried for 60 second(s) with 500 milliseconds interval)\nBuild info: version: '3.14.0', revision: 'aacccce0', time: '2018-08-02T20:19:58.91Z'\nSystem info: host: 'Rahuls-MacBook-Air.local', ip: '2405:201:400c:90af:3464:e250:e664:4bef%en0', os.name: 'Mac OS X', os.arch: 'x86_64', os.version: '10.16', java.version: '15.0.2'\nDriver info: org.openqa.selenium.chrome.ChromeDriver\nCapabilities {acceptInsecureCerts: false, browserName: chrome, browserVersion: 91.0.4472.77, chrome: {chromedriverVersion: 91.0.4472.19 (1bf021f248676..., userDataDir: /var/folders/gq/xl4v57ws5fz...}, goog:chromeOptions: {debuggerAddress: localhost:62674}, javascriptEnabled: true, networkConnectionEnabled: false, pageLoadStrategy: normal, platform: MAC, platformName: MAC, proxy: Proxy(), setWindowRect: true, strictFileInteractability: false, timeouts: {implicit: 0, pageLoad: 300000, script: 30000}, unhandledPromptBehavior: dismiss and notify, webauthn:extension:largeBlob: true, webauthn:virtualAuthenticators: true}\nSession ID: 8edd37d16f655fae27a950de62000a07\n\tat org.openqa.selenium.support.ui.WebDriverWait.timeoutException(WebDriverWait.java:113)\n\tat org.openqa.selenium.support.ui.FluentWait.until(FluentWait.java:283)\n\tat com.dropbox.helpers.GenericKeywords.verifypageTitle(GenericKeywords.java:108)\n\tat com.dropbox.pages.LoginPage.appLogin(LoginPage.java:112)\n\tat com.dropbox.init.BaseClass.beforeMethod(BaseClass.java:53)\n\tat java.base/jdk.internal.reflect.NativeMethodAccessorImpl.invoke0(Native Method)\n\tat java.base/jdk.internal.reflect.NativeMethodAccessorImpl.invoke(NativeMethodAccessorImpl.java:64)\n\tat java.base/jdk.internal.reflect.DelegatingMethodAccessorImpl.invoke(DelegatingMethodAccessorImpl.java:43)\n\tat java.base/java.lang.reflect.Method.invoke(Method.java:564)\n\tat org.testng.internal.MethodInvocationHelper.invokeMethod(MethodInvocationHelper.java:124)\n\tat org.testng.internal.MethodInvocationHelper.invokeMethodConsideringTimeout(MethodInvocationHelper.java:59)\n\tat org.testng.internal.Invoker.invokeConfigurationMethod(Invoker.java:455)\n\tat org.testng.internal.Invoker.invokeConfigurations(Invoker.java:222)\n\tat org.testng.internal.Invoker.invokeMethod(Invoker.java:520)\n\tat org.testng.internal.Invoker.invokeTestMethod(Invoker.java:716)\n\tat org.testng.internal.Invoker.invokeTestMethods(Invoker.java:988)\n\tat org.testng.internal.TestMethodWorker.invokeTestMethods(TestMethodWorker.java:125)\n\tat org.testng.internal.TestMethodWorker.run(TestMethodWorker.java:109)\n\tat org.testng.TestRunner.privateRun(TestRunner.java:648)\n\tat org.testng.TestRunner.run(TestRunner.java:505)\n\tat org.testng.SuiteRunner.runTest(SuiteRunner.java:455)\n\tat org.testng.SuiteRunner.runSequentially(SuiteRunner.java:450)\n\tat org.testng.SuiteRunner.privateRun(SuiteRunner.java:415)\n\tat org.testng.SuiteRunner.run(SuiteRunner.java:364)\n\tat org.testng.SuiteRunnerWorker.runSuite(SuiteRunnerWorker.java:52)\n\tat org.testng.SuiteRunnerWorker.run(SuiteRunnerWorker.java:84)\n\tat org.testng.TestNG.runSuitesSequentially(TestNG.java:1208)\n\tat org.testng.TestNG.runSuitesLocally(TestNG.java:1137)\n\tat org.testng.TestNG.runSuites(TestNG.java:1049)\n\tat org.testng.TestNG.run(TestNG.java:1017)\n\tat org.apache.maven.surefire.testng.TestNGExecutor.run(TestNGExecutor.java:283)\n\tat org.apache.maven.surefire.testng.TestNGXmlTestSuite.execute(TestNGXmlTestSuite.java:75)\n\tat org.apache.maven.surefire.testng.TestNGProvider.invoke(TestNGProvider.java:120)\n\tat org.apache.maven.surefire.booter.ForkedBooter.invokeProviderInSameClassLoader(ForkedBooter.java:383)\n\tat org.apache.maven.surefire.booter.ForkedBooter.runSuitesInProcess(ForkedBooter.java:344)\n\tat org.apache.maven.surefire.booter.ForkedBooter.execute(ForkedBooter.java:125)\n\tat org.apache.maven.surefire.booter.ForkedBooter.main(ForkedBooter.java:417)\n"},"stage":"finished","description":"","steps":[{"name":"navigating to application https://www.dropbox.com/basic","status":"passed","stage":"finished","steps":[],"attachments":[],"parameters":[{"name":"url","value":"https://www.dropbox.com/basic"}],"start":1623057343419,"stop":1623057350531},{"name":"Verify title of the page: Dropbox Basic (Free account) - Dropbox","status":"passed","stage":"finished","steps":[],"attachments":[{"name":"Page screenshot","source":"96ae5be4-8416-43fc-93ca-f62364769e1d-attachment","type":"image/png"}],"parameters":[{"name":"Expectedtitle","value":"Dropbox Basic (Free account) - Dropbox"}],"start":1623057350593,"stop":1623057350891},{"name":"Updating language as English (United Kingdom)","status":"passed","stage":"finished","steps":[],"attachments":[{"name":"Page screenshot","source":"82b8854d-58c6-447f-990b-4dd65c184259-attachment","type":"image/png"}],"parameters":[{"name":"expectedLanguage","value":"English (United Kingdom)"}],"start":1623057350893,"stop":1623057361204},{"name":"User login to Dropdown website","status":"broken","statusDetails":{"known":false,"muted":false,"flaky":false,"message":"Expected condition failed: waiting for title to contain \"Home - Dropbox\". Current title: \"Files - Dropbox\" (tried for 60 second(s) with 500 milliseconds interval)\nBuild info: version: '3.14.0', revision: 'aacccce0', time: '2018-08-02T20:19:58.91Z'\nSystem info: host: 'Rahuls-MacBook-Air.local', ip: '2405:201:400c:90af:3464:e250:e664:4bef%en0', os.name: 'Mac OS X', os.arch: 'x86_64', os.version: '10.16', java.version: '15.0.2'\nDriver info: org.openqa.selenium.chrome.ChromeDriver\nCapabilities {acceptInsecureCerts: false, browserName: chrome, browserVersion: 91.0.4472.77, chrome: {chromedriverVersion: 91.0.4472.19 (1bf021f248676..., userDataDir: /var/folders/gq/xl4v57ws5fz...}, goog:chromeOptions: {debuggerAddress: localhost:62674}, javascriptEnabled: true, networkConnectionEnabled: false, pageLoadStrategy: normal, platform: MAC, platformName: MAC, proxy: Proxy(), setWindowRect: true, strictFileInteractability: false, timeouts: {implicit: 0, pageLoad: 300000, script: 30000}, unhandledPromptBehavior: dismiss and notify, webauthn:extension:largeBlob: true, webauthn:virtualAuthenticators: true}\nSession ID: 8edd37d16f655fae27a950de62000a07","trace":"org.openqa.selenium.TimeoutException: Expected condition failed: waiting for title to contain \"Home - Dropbox\". Current title: \"Files - Dropbox\" (tried for 60 second(s) with 500 milliseconds interval)\nBuild info: version: '3.14.0', revision: 'aacccce0', time: '2018-08-02T20:19:58.91Z'\nSystem info: host: 'Rahuls-MacBook-Air.local', ip: '2405:201:400c:90af:3464:e250:e664:4bef%en0', os.name: 'Mac OS X', os.arch: 'x86_64', os.version: '10.16', java.version: '15.0.2'\nDriver info: org.openqa.selenium.chrome.ChromeDriver\nCapabilities {acceptInsecureCerts: false, browserName: chrome, browserVersion: 91.0.4472.77, chrome: {chromedriverVersion: 91.0.4472.19 (1bf021f248676..., userDataDir: /var/folders/gq/xl4v57ws5fz...}, goog:chromeOptions: {debuggerAddress: localhost:62674}, javascriptEnabled: true, networkConnectionEnabled: false, pageLoadStrategy: normal, platform: MAC, platformName: MAC, proxy: Proxy(), setWindowRect: true, strictFileInteractability: false, timeouts: {implicit: 0, pageLoad: 300000, script: 30000}, unhandledPromptBehavior: dismiss and notify, webauthn:extension:largeBlob: true, webauthn:virtualAuthenticators: true}\nSession ID: 8edd37d16f655fae27a950de62000a07\n\tat org.openqa.selenium.support.ui.WebDriverWait.timeoutException(WebDriverWait.java:113)\n\tat org.openqa.selenium.support.ui.FluentWait.until(FluentWait.java:283)\n\tat com.dropbox.helpers.GenericKeywords.verifypageTitle(GenericKeywords.java:108)\n\tat com.dropbox.pages.LoginPage.appLogin(LoginPage.java:112)\n\tat com.dropbox.init.BaseClass.beforeMethod(BaseClass.java:53)\n\tat java.base/jdk.internal.reflect.NativeMethodAccessorImpl.invoke0(Native Method)\n\tat java.base/jdk.internal.reflect.NativeMethodAccessorImpl.invoke(NativeMethodAccessorImpl.java:64)\n\tat java.base/jdk.internal.reflect.DelegatingMethodAccessorImpl.invoke(DelegatingMethodAccessorImpl.java:43)\n\tat java.base/java.lang.reflect.Method.invoke(Method.java:564)\n\tat org.testng.internal.MethodInvocationHelper.invokeMethod(MethodInvocationHelper.java:124)\n\tat org.testng.internal.MethodInvocationHelper.invokeMethodConsideringTimeout(MethodInvocationHelper.java:59)\n\tat org.testng.internal.Invoker.invokeConfigurationMethod(Invoker.java:455)\n\tat org.testng.internal.Invoker.invokeConfigurations(Invoker.java:222)\n\tat org.testng.internal.Invoker.invokeMethod(Invoker.java:520)\n\tat org.testng.internal.Invoker.invokeTestMethod(Invoker.java:716)\n\tat org.testng.internal.Invoker.invokeTestMethods(Invoker.java:988)\n\tat org.testng.internal.TestMethodWorker.invokeTestMethods(TestMethodWorker.java:125)\n\tat org.testng.internal.TestMethodWorker.run(TestMethodWorker.java:109)\n\tat org.testng.TestRunner.privateRun(TestRunner.java:648)\n\tat org.testng.TestRunner.run(TestRunner.java:505)\n\tat org.testng.SuiteRunner.runTest(SuiteRunner.java:455)\n\tat org.testng.SuiteRunner.runSequentially(SuiteRunner.java:450)\n\tat org.testng.SuiteRunner.privateRun(SuiteRunner.java:415)\n\tat org.testng.SuiteRunner.run(SuiteRunner.java:364)\n\tat org.testng.SuiteRunnerWorker.runSuite(SuiteRunnerWorker.java:52)\n\tat org.testng.SuiteRunnerWorker.run(SuiteRunnerWorker.java:84)\n\tat org.testng.TestNG.runSuitesSequentially(TestNG.java:1208)\n\tat org.testng.TestNG.runSuitesLocally(TestNG.java:1137)\n\tat org.testng.TestNG.runSuites(TestNG.java:1049)\n\tat org.testng.TestNG.run(TestNG.java:1017)\n\tat org.apache.maven.surefire.testng.TestNGExecutor.run(TestNGExecutor.java:283)\n\tat org.apache.maven.surefire.testng.TestNGXmlTestSuite.execute(TestNGXmlTestSuite.java:75)\n\tat org.apache.maven.surefire.testng.TestNGProvider.invoke(TestNGProvider.java:120)\n\tat org.apache.maven.surefire.booter.ForkedBooter.invokeProviderInSameClassLoader(ForkedBooter.java:383)\n\tat org.apache.maven.surefire.booter.ForkedBooter.runSuitesInProcess(ForkedBooter.java:344)\n\tat org.apache.maven.surefire.booter.ForkedBooter.execute(ForkedBooter.java:125)\n\tat org.apache.maven.surefire.booter.ForkedBooter.main(ForkedBooter.java:417)\n"},"stage":"finished","steps":[{"name":"click performed by user on: sign in link","status":"passed","stage":"finished","steps":[],"attachments":[],"parameters":[{"name":"element","value":"[[ChromeDriver: chrome on MAC (8edd37d16f655fae27a950de62000a07)] -> link text: Sign in]"},{"name":"locator","value":"sign in link"}],"start":1623057361219,"stop":1623057366171},{"name":"Verify title of the page: Login - Dropbox","status":"passed","stage":"finished","steps":[],"attachments":[{"name":"Page screenshot","source":"3af1be14-701d-423b-82a7-b248f33c16cf-attachment","type":"image/png"}],"parameters":[{"name":"Expectedtitle","value":"Login - Dropbox"}],"start":1623057366172,"stop":1623057366448},{"name":"User Entered text: rahulvats1990@outlook.com in locator username","status":"passed","stage":"finished","steps":[],"attachments":[],"parameters":[{"name":"element","value":"[[ChromeDriver: chrome on MAC (8edd37d16f655fae27a950de62000a07)] -> name: login_email]"},{"name":"text","value":"rahulvats1990@outlook.com"},{"name":"locator","value":"username"}],"start":1623057366503,"stop":1623057367814},{"name":"User Entered text: random@123 in locator password","status":"passed","stage":"finished","steps":[],"attachments":[],"parameters":[{"name":"element","value":"[[ChromeDriver: chrome on MAC (8edd37d16f655fae27a950de62000a07)] -> name: login_password]"},{"name":"text","value":"random@123"},{"name":"locator","value":"password"}],"start":1623057367831,"stop":1623057368020},{"name":"click performed by user on: sign in button","status":"passed","stage":"finished","steps":[],"attachments":[],"parameters":[{"name":"element","value":"[[ChromeDriver: chrome on MAC (8edd37d16f655fae27a950de62000a07)] -> xpath: //button[@type='submit' and ./div[contains(@class, 'signin')]]]"},{"name":"locator","value":"sign in button"}],"start":1623057368070,"stop":1623057368831},{"name":"Verify Login Success","status":"passed","stage":"finished","steps":[],"attachments":[{"name":"Page screenshot","source":"b66773dc-39b0-4b91-8ae4-50b415f1c3e4-attachment","type":"image/png"}],"parameters":[],"start":1623057368832,"stop":1623057376778},{"name":"Verify title of the page: Home - Dropbox","status":"broken","statusDetails":{"known":false,"muted":false,"flaky":false,"message":"Expected condition failed: waiting for title to contain \"Home - Dropbox\". Current title: \"Files - Dropbox\" (tried for 60 second(s) with 500 milliseconds interval)\nBuild info: version: '3.14.0', revision: 'aacccce0', time: '2018-08-02T20:19:58.91Z'\nSystem info: host: 'Rahuls-MacBook-Air.local', ip: '2405:201:400c:90af:3464:e250:e664:4bef%en0', os.name: 'Mac OS X', os.arch: 'x86_64', os.version: '10.16', java.version: '15.0.2'\nDriver info: org.openqa.selenium.chrome.ChromeDriver\nCapabilities {acceptInsecureCerts: false, browserName: chrome, browserVersion: 91.0.4472.77, chrome: {chromedriverVersion: 91.0.4472.19 (1bf021f248676..., userDataDir: /var/folders/gq/xl4v57ws5fz...}, goog:chromeOptions: {debuggerAddress: localhost:62674}, javascriptEnabled: true, networkConnectionEnabled: false, pageLoadStrategy: normal, platform: MAC, platformName: MAC, proxy: Proxy(), setWindowRect: true, strictFileInteractability: false, timeouts: {implicit: 0, pageLoad: 300000, script: 30000}, unhandledPromptBehavior: dismiss and notify, webauthn:extension:largeBlob: true, webauthn:virtualAuthenticators: true}\nSession ID: 8edd37d16f655fae27a950de62000a07","trace":"org.openqa.selenium.TimeoutException: Expected condition failed: waiting for title to contain \"Home - Dropbox\". Current title: \"Files - Dropbox\" (tried for 60 second(s) with 500 milliseconds interval)\nBuild info: version: '3.14.0', revision: 'aacccce0', time: '2018-08-02T20:19:58.91Z'\nSystem info: host: 'Rahuls-MacBook-Air.local', ip: '2405:201:400c:90af:3464:e250:e664:4bef%en0', os.name: 'Mac OS X', os.arch: 'x86_64', os.version: '10.16', java.version: '15.0.2'\nDriver info: org.openqa.selenium.chrome.ChromeDriver\nCapabilities {acceptInsecureCerts: false, browserName: chrome, browserVersion: 91.0.4472.77, chrome: {chromedriverVersion: 91.0.4472.19 (1bf021f248676..., userDataDir: /var/folders/gq/xl4v57ws5fz...}, goog:chromeOptions: {debuggerAddress: localhost:62674}, javascriptEnabled: true, networkConnectionEnabled: false, pageLoadStrategy: normal, platform: MAC, platformName: MAC, proxy: Proxy(), setWindowRect: true, strictFileInteractability: false, timeouts: {implicit: 0, pageLoad: 300000, script: 30000}, unhandledPromptBehavior: dismiss and notify, webauthn:extension:largeBlob: true, webauthn:virtualAuthenticators: true}\nSession ID: 8edd37d16f655fae27a950de62000a07\n\tat org.openqa.selenium.support.ui.WebDriverWait.timeoutException(WebDriverWait.java:113)\n\tat org.openqa.selenium.support.ui.FluentWait.until(FluentWait.java:283)\n\tat com.dropbox.helpers.GenericKeywords.verifypageTitle(GenericKeywords.java:108)\n\tat com.dropbox.pages.LoginPage.appLogin(LoginPage.java:112)\n\tat com.dropbox.init.BaseClass.beforeMethod(BaseClass.java:53)\n\tat java.base/jdk.internal.reflect.NativeMethodAccessorImpl.invoke0(Native Method)\n\tat java.base/jdk.internal.reflect.NativeMethodAccessorImpl.invoke(NativeMethodAccessorImpl.java:64)\n\tat java.base/jdk.internal.reflect.DelegatingMethodAccessorImpl.invoke(DelegatingMethodAccessorImpl.java:43)\n\tat java.base/java.lang.reflect.Method.invoke(Method.java:564)\n\tat org.testng.internal.MethodInvocationHelper.invokeMethod(MethodInvocationHelper.java:124)\n\tat org.testng.internal.MethodInvocationHelper.invokeMethodConsideringTimeout(MethodInvocationHelper.java:59)\n\tat org.testng.internal.Invoker.invokeConfigurationMethod(Invoker.java:455)\n\tat org.testng.internal.Invoker.invokeConfigurations(Invoker.java:222)\n\tat org.testng.internal.Invoker.invokeMethod(Invoker.java:520)\n\tat org.testng.internal.Invoker.invokeTestMethod(Invoker.java:716)\n\tat org.testng.internal.Invoker.invokeTestMethods(Invoker.java:988)\n\tat org.testng.internal.TestMethodWorker.invokeTestMethods(TestMethodWorker.java:125)\n\tat org.testng.internal.TestMethodWorker.run(TestMethodWorker.java:109)\n\tat org.testng.TestRunner.privateRun(TestRunner.java:648)\n\tat org.testng.TestRunner.run(TestRunner.java:505)\n\tat org.testng.SuiteRunner.runTest(SuiteRunner.java:455)\n\tat org.testng.SuiteRunner.runSequentially(SuiteRunner.java:450)\n\tat org.testng.SuiteRunner.privateRun(SuiteRunner.java:415)\n\tat org.testng.SuiteRunner.run(SuiteRunner.java:364)\n\tat org.testng.SuiteRunnerWorker.runSuite(SuiteRunnerWorker.java:52)\n\tat org.testng.SuiteRunnerWorker.run(SuiteRunnerWorker.java:84)\n\tat org.testng.TestNG.runSuitesSequentially(TestNG.java:1208)\n\tat org.testng.TestNG.runSuitesLocally(TestNG.java:1137)\n\tat org.testng.TestNG.runSuites(TestNG.java:1049)\n\tat org.testng.TestNG.run(TestNG.java:1017)\n\tat org.apache.maven.surefire.testng.TestNGExecutor.run(TestNGExecutor.java:283)\n\tat org.apache.maven.surefire.testng.TestNGXmlTestSuite.execute(TestNGXmlTestSuite.java:75)\n\tat org.apache.maven.surefire.testng.TestNGProvider.invoke(TestNGProvider.java:120)\n\tat org.apache.maven.surefire.booter.ForkedBooter.invokeProviderInSameClassLoader(ForkedBooter.java:383)\n\tat org.apache.maven.surefire.booter.ForkedBooter.runSuitesInProcess(ForkedBooter.java:344)\n\tat org.apache.maven.surefire.booter.ForkedBooter.execute(ForkedBooter.java:125)\n\tat org.apache.maven.surefire.booter.ForkedBooter.main(ForkedBooter.java:417)\n"},"stage":"finished","steps":[],"attachments":[],"parameters":[{"name":"Expectedtitle","value":"Home - Dropbox"}],"start":1623057376779,"stop":1623057436818}],"attachments":[],"parameters":[{"name":"username","value":"rahulvats1990@outlook.com"},{"name":"password","value":"random@123"},{"name":"isvalidLogin","value":"true"}],"start":1623057361205,"stop":1623057436819}],"attachments":[],"parameters":[],"start":1623057340654,"stop":1623057436822}],"afters":[],"links":[],"start":1623057340654,"stop":1623057436822}