{"uuid":"0c7c0f07-41b9-4b08-9adc-0bc9d6ec405c","name":"com.dropbox.init.BaseClass.beforeMethod","children":["7b268983-c24f-4905-8931-f41b21488eea"],"description":"","befores":[{"name":"beforeMethod","status":"failed","statusDetails":{"known":false,"muted":false,"flaky":false,"message":"login successful expected [true] but found [false]","trace":"java.lang.AssertionError: login successful expected [true] but found [false]\r\n\tat org.testng.Assert.fail(Assert.java:96)\r\n\tat com.dropbox.pages.LoginPage.verifyloginSuccess(LoginPage.java:128)\r\n\tat com.dropbox.pages.LoginPage.appLogin(LoginPage.java:111)\r\n\tat com.dropbox.init.BaseClass.beforeMethod(BaseClass.java:53)\r\n\tat sun.reflect.NativeMethodAccessorImpl.invoke0(Native Method)\r\n\tat sun.reflect.NativeMethodAccessorImpl.invoke(NativeMethodAccessorImpl.java:62)\r\n\tat sun.reflect.DelegatingMethodAccessorImpl.invoke(DelegatingMethodAccessorImpl.java:43)\r\n\tat java.lang.reflect.Method.invoke(Method.java:498)\r\n\tat org.testng.internal.MethodInvocationHelper.invokeMethod(MethodInvocationHelper.java:124)\r\n\tat org.testng.internal.MethodInvocationHelper.invokeMethodConsideringTimeout(MethodInvocationHelper.java:59)\r\n\tat org.testng.internal.Invoker.invokeConfigurationMethod(Invoker.java:455)\r\n\tat org.testng.internal.Invoker.invokeConfigurations(Invoker.java:222)\r\n\tat org.testng.internal.Invoker.invokeMethod(Invoker.java:520)\r\n\tat org.testng.internal.Invoker.invokeTestMethod(Invoker.java:716)\r\n\tat org.testng.internal.Invoker.invokeTestMethods(Invoker.java:988)\r\n\tat org.testng.internal.TestMethodWorker.invokeTestMethods(TestMethodWorker.java:125)\r\n\tat org.testng.internal.TestMethodWorker.run(TestMethodWorker.java:109)\r\n\tat org.testng.TestRunner.privateRun(TestRunner.java:648)\r\n\tat org.testng.TestRunner.run(TestRunner.java:505)\r\n\tat org.testng.SuiteRunner.runTest(SuiteRunner.java:455)\r\n\tat org.testng.SuiteRunner.runSequentially(SuiteRunner.java:450)\r\n\tat org.testng.SuiteRunner.privateRun(SuiteRunner.java:415)\r\n\tat org.testng.SuiteRunner.run(SuiteRunner.java:364)\r\n\tat org.testng.SuiteRunnerWorker.runSuite(SuiteRunnerWorker.java:52)\r\n\tat org.testng.SuiteRunnerWorker.run(SuiteRunnerWorker.java:84)\r\n\tat org.testng.TestNG.runSuitesSequentially(TestNG.java:1208)\r\n\tat org.testng.TestNG.runSuitesLocally(TestNG.java:1137)\r\n\tat org.testng.TestNG.runSuites(TestNG.java:1049)\r\n\tat org.testng.TestNG.run(TestNG.java:1017)\r\n\tat org.apache.maven.surefire.testng.TestNGExecutor.run(TestNGExecutor.java:283)\r\n\tat org.apache.maven.surefire.testng.TestNGXmlTestSuite.execute(TestNGXmlTestSuite.java:75)\r\n\tat org.apache.maven.surefire.testng.TestNGProvider.invoke(TestNGProvider.java:120)\r\n\tat org.apache.maven.surefire.booter.ForkedBooter.invokeProviderInSameClassLoader(ForkedBooter.java:383)\r\n\tat org.apache.maven.surefire.booter.ForkedBooter.runSuitesInProcess(ForkedBooter.java:344)\r\n\tat org.apache.maven.surefire.booter.ForkedBooter.execute(ForkedBooter.java:125)\r\n\tat org.apache.maven.surefire.booter.ForkedBooter.main(ForkedBooter.java:417)\r\n"},"stage":"finished","description":"","steps":[{"name":"navigating to application https://www.dropbox.com/basic","status":"passed","stage":"finished","steps":[],"attachments":[],"parameters":[{"name":"url","value":"https://www.dropbox.com/basic"}],"start":1611384560946,"stop":1611384570886},{"name":"Verify title of the page: Dropbox Basic (Free account) - Dropbox","status":"passed","stage":"finished","steps":[],"attachments":[{"name":"Page screenshot","source":"0444f575-2c0d-4aa6-92b2-041d25a41c07-attachment","type":"image/png"}],"parameters":[{"name":"Expectedtitle","value":"Dropbox Basic (Free account) - Dropbox"}],"start":1611384571006,"stop":1611384571574},{"name":"Updating language as English (United Kingdom)","status":"passed","stage":"finished","steps":[{"name":"click performed by user on: update language button","status":"passed","stage":"finished","steps":[],"attachments":[],"parameters":[{"name":"element","value":"[[ChromeDriver: chrome on WINDOWS (7353dabc5fb792e5ede499fba2e5ecda)] -> xpath: //*[@title='Choose a language']]"},{"name":"locator","value":"update language button"}],"start":1611384571694,"stop":1611384572054},{"name":"click performed by user on: English (United Kingdom)","status":"passed","stage":"finished","steps":[],"attachments":[],"parameters":[{"name":"element","value":"[[ChromeDriver: chrome on WINDOWS (7353dabc5fb792e5ede499fba2e5ecda)] -> partial link text: English (United Kingdom)]"},{"name":"locator","value":"English (United Kingdom)"}],"start":1611384572190,"stop":1611384572254}],"attachments":[{"name":"Page screenshot","source":"4d9eabeb-ee14-428f-8e0e-eb7bb3b8f635-attachment","type":"image/png"}],"parameters":[{"name":"expectedLanguage","value":"English (United Kingdom)"}],"start":1611384571574,"stop":1611384582805},{"name":"User login to Dropdown website","status":"failed","statusDetails":{"known":false,"muted":false,"flaky":false,"message":"login successful expected [true] but found [false]","trace":"java.lang.AssertionError: login successful expected [true] but found [false]\r\n\tat org.testng.Assert.fail(Assert.java:96)\r\n\tat com.dropbox.pages.LoginPage.verifyloginSuccess(LoginPage.java:128)\r\n\tat com.dropbox.pages.LoginPage.appLogin(LoginPage.java:111)\r\n\tat com.dropbox.init.BaseClass.beforeMethod(BaseClass.java:53)\r\n\tat sun.reflect.NativeMethodAccessorImpl.invoke0(Native Method)\r\n\tat sun.reflect.NativeMethodAccessorImpl.invoke(NativeMethodAccessorImpl.java:62)\r\n\tat sun.reflect.DelegatingMethodAccessorImpl.invoke(DelegatingMethodAccessorImpl.java:43)\r\n\tat java.lang.reflect.Method.invoke(Method.java:498)\r\n\tat org.testng.internal.MethodInvocationHelper.invokeMethod(MethodInvocationHelper.java:124)\r\n\tat org.testng.internal.MethodInvocationHelper.invokeMethodConsideringTimeout(MethodInvocationHelper.java:59)\r\n\tat org.testng.internal.Invoker.invokeConfigurationMethod(Invoker.java:455)\r\n\tat org.testng.internal.Invoker.invokeConfigurations(Invoker.java:222)\r\n\tat org.testng.internal.Invoker.invokeMethod(Invoker.java:520)\r\n\tat org.testng.internal.Invoker.invokeTestMethod(Invoker.java:716)\r\n\tat org.testng.internal.Invoker.invokeTestMethods(Invoker.java:988)\r\n\tat org.testng.internal.TestMethodWorker.invokeTestMethods(TestMethodWorker.java:125)\r\n\tat org.testng.internal.TestMethodWorker.run(TestMethodWorker.java:109)\r\n\tat org.testng.TestRunner.privateRun(TestRunner.java:648)\r\n\tat org.testng.TestRunner.run(TestRunner.java:505)\r\n\tat org.testng.SuiteRunner.runTest(SuiteRunner.java:455)\r\n\tat org.testng.SuiteRunner.runSequentially(SuiteRunner.java:450)\r\n\tat org.testng.SuiteRunner.privateRun(SuiteRunner.java:415)\r\n\tat org.testng.SuiteRunner.run(SuiteRunner.java:364)\r\n\tat org.testng.SuiteRunnerWorker.runSuite(SuiteRunnerWorker.java:52)\r\n\tat org.testng.SuiteRunnerWorker.run(SuiteRunnerWorker.java:84)\r\n\tat org.testng.TestNG.runSuitesSequentially(TestNG.java:1208)\r\n\tat org.testng.TestNG.runSuitesLocally(TestNG.java:1137)\r\n\tat org.testng.TestNG.runSuites(TestNG.java:1049)\r\n\tat org.testng.TestNG.run(TestNG.java:1017)\r\n\tat org.apache.maven.surefire.testng.TestNGExecutor.run(TestNGExecutor.java:283)\r\n\tat org.apache.maven.surefire.testng.TestNGXmlTestSuite.execute(TestNGXmlTestSuite.java:75)\r\n\tat org.apache.maven.surefire.testng.TestNGProvider.invoke(TestNGProvider.java:120)\r\n\tat org.apache.maven.surefire.booter.ForkedBooter.invokeProviderInSameClassLoader(ForkedBooter.java:383)\r\n\tat org.apache.maven.surefire.booter.ForkedBooter.runSuitesInProcess(ForkedBooter.java:344)\r\n\tat org.apache.maven.surefire.booter.ForkedBooter.execute(ForkedBooter.java:125)\r\n\tat org.apache.maven.surefire.booter.ForkedBooter.main(ForkedBooter.java:417)\r\n"},"stage":"finished","steps":[{"name":"click performed by user on: sign in link","status":"passed","stage":"finished","steps":[],"attachments":[],"parameters":[{"name":"element","value":"[[ChromeDriver: chrome on WINDOWS (7353dabc5fb792e5ede499fba2e5ecda)] -> link text: Sign in]"},{"name":"locator","value":"sign in link"}],"start":1611384582835,"stop":1611384586684},{"name":"Verify title of the page: Login - Dropbox","status":"passed","stage":"finished","steps":[],"attachments":[{"name":"Page screenshot","source":"37b29680-c524-4aeb-a9ac-8aca74ff5126-attachment","type":"image/png"}],"parameters":[{"name":"Expectedtitle","value":"Login - Dropbox"}],"start":1611384586684,"stop":1611384587149},{"name":"User Entered text: rahulvats1990@outlook.com in locator username","status":"passed","stage":"finished","steps":[],"attachments":[],"parameters":[{"name":"element","value":"[[ChromeDriver: chrome on WINDOWS (7353dabc5fb792e5ede499fba2e5ecda)] -> name: login_email]"},{"name":"text","value":"rahulvats1990@outlook.com"},{"name":"locator","value":"username"}],"start":1611384587199,"stop":1611384587421},{"name":"User Entered text: random@123 in locator password","status":"passed","stage":"finished","steps":[],"attachments":[],"parameters":[{"name":"element","value":"[[ChromeDriver: chrome on WINDOWS (7353dabc5fb792e5ede499fba2e5ecda)] -> name: login_password]"},{"name":"text","value":"random@123"},{"name":"locator","value":"password"}],"start":1611384587443,"stop":1611384587556},{"name":"click performed by user on: sign in button","status":"passed","stage":"finished","steps":[],"attachments":[],"parameters":[{"name":"element","value":"[[ChromeDriver: chrome on WINDOWS (7353dabc5fb792e5ede499fba2e5ecda)] -> xpath: //button[@type='submit' and ./div[contains(@class, 'signin')]]]"},{"name":"locator","value":"sign in button"}],"start":1611384587575,"stop":1611384587686},{"name":"Verify Login Success","status":"failed","statusDetails":{"known":false,"muted":false,"flaky":false,"message":"login successful expected [true] but found [false]","trace":"java.lang.AssertionError: login successful expected [true] but found [false]\r\n\tat org.testng.Assert.fail(Assert.java:96)\r\n\tat com.dropbox.pages.LoginPage.verifyloginSuccess(LoginPage.java:128)\r\n\tat com.dropbox.pages.LoginPage.appLogin(LoginPage.java:111)\r\n\tat com.dropbox.init.BaseClass.beforeMethod(BaseClass.java:53)\r\n\tat sun.reflect.NativeMethodAccessorImpl.invoke0(Native Method)\r\n\tat sun.reflect.NativeMethodAccessorImpl.invoke(NativeMethodAccessorImpl.java:62)\r\n\tat sun.reflect.DelegatingMethodAccessorImpl.invoke(DelegatingMethodAccessorImpl.java:43)\r\n\tat java.lang.reflect.Method.invoke(Method.java:498)\r\n\tat org.testng.internal.MethodInvocationHelper.invokeMethod(MethodInvocationHelper.java:124)\r\n\tat org.testng.internal.MethodInvocationHelper.invokeMethodConsideringTimeout(MethodInvocationHelper.java:59)\r\n\tat org.testng.internal.Invoker.invokeConfigurationMethod(Invoker.java:455)\r\n\tat org.testng.internal.Invoker.invokeConfigurations(Invoker.java:222)\r\n\tat org.testng.internal.Invoker.invokeMethod(Invoker.java:520)\r\n\tat org.testng.internal.Invoker.invokeTestMethod(Invoker.java:716)\r\n\tat org.testng.internal.Invoker.invokeTestMethods(Invoker.java:988)\r\n\tat org.testng.internal.TestMethodWorker.invokeTestMethods(TestMethodWorker.java:125)\r\n\tat org.testng.internal.TestMethodWorker.run(TestMethodWorker.java:109)\r\n\tat org.testng.TestRunner.privateRun(TestRunner.java:648)\r\n\tat org.testng.TestRunner.run(TestRunner.java:505)\r\n\tat org.testng.SuiteRunner.runTest(SuiteRunner.java:455)\r\n\tat org.testng.SuiteRunner.runSequentially(SuiteRunner.java:450)\r\n\tat org.testng.SuiteRunner.privateRun(SuiteRunner.java:415)\r\n\tat org.testng.SuiteRunner.run(SuiteRunner.java:364)\r\n\tat org.testng.SuiteRunnerWorker.runSuite(SuiteRunnerWorker.java:52)\r\n\tat org.testng.SuiteRunnerWorker.run(SuiteRunnerWorker.java:84)\r\n\tat org.testng.TestNG.runSuitesSequentially(TestNG.java:1208)\r\n\tat org.testng.TestNG.runSuitesLocally(TestNG.java:1137)\r\n\tat org.testng.TestNG.runSuites(TestNG.java:1049)\r\n\tat org.testng.TestNG.run(TestNG.java:1017)\r\n\tat org.apache.maven.surefire.testng.TestNGExecutor.run(TestNGExecutor.java:283)\r\n\tat org.apache.maven.surefire.testng.TestNGXmlTestSuite.execute(TestNGXmlTestSuite.java:75)\r\n\tat org.apache.maven.surefire.testng.TestNGProvider.invoke(TestNGProvider.java:120)\r\n\tat org.apache.maven.surefire.booter.ForkedBooter.invokeProviderInSameClassLoader(ForkedBooter.java:383)\r\n\tat org.apache.maven.surefire.booter.ForkedBooter.runSuitesInProcess(ForkedBooter.java:344)\r\n\tat org.apache.maven.surefire.booter.ForkedBooter.execute(ForkedBooter.java:125)\r\n\tat org.apache.maven.surefire.booter.ForkedBooter.main(ForkedBooter.java:417)\r\n"},"stage":"finished","steps":[],"attachments":[{"name":"Page screenshot","source":"246fef2b-253d-4643-a8b2-e195a894afd5-attachment","type":"image/png"}],"parameters":[],"start":1611384587686,"stop":1611384598416}],"attachments":[],"parameters":[{"name":"username","value":"rahulvats1990@outlook.com"},{"name":"password","value":"random@123"},{"name":"isvalidLogin","value":"true"}],"start":1611384582805,"stop":1611384598416}],"attachments":[],"parameters":[],"start":1611384554992,"stop":1611384598416}],"afters":[],"links":[],"start":1611384554992,"stop":1611384598416}