{"uuid":"5626da49-06ee-488d-9708-9c3c52f121e6","name":"com.dropbox.init.BaseClass.beforeMethod","children":["4cf8e9d9-d48d-4234-aaaf-81bd6ca85924"],"description":"","befores":[{"name":"beforeMethod","status":"failed","statusDetails":{"known":false,"muted":false,"flaky":false,"message":"login successful expected [true] but found [false]","trace":"java.lang.AssertionError: login successful expected [true] but found [false]\r\n\tat org.testng.Assert.fail(Assert.java:96)\r\n\tat com.dropbox.pages.LoginPage.verifyloginSuccess(LoginPage.java:128)\r\n\tat com.dropbox.pages.LoginPage.appLogin(LoginPage.java:111)\r\n\tat com.dropbox.init.BaseClass.beforeMethod(BaseClass.java:53)\r\n\tat sun.reflect.NativeMethodAccessorImpl.invoke0(Native Method)\r\n\tat sun.reflect.NativeMethodAccessorImpl.invoke(NativeMethodAccessorImpl.java:62)\r\n\tat sun.reflect.DelegatingMethodAccessorImpl.invoke(DelegatingMethodAccessorImpl.java:43)\r\n\tat java.lang.reflect.Method.invoke(Method.java:498)\r\n\tat org.testng.internal.MethodInvocationHelper.invokeMethod(MethodInvocationHelper.java:124)\r\n\tat org.testng.internal.MethodInvocationHelper.invokeMethodConsideringTimeout(MethodInvocationHelper.java:59)\r\n\tat org.testng.internal.Invoker.invokeConfigurationMethod(Invoker.java:455)\r\n\tat org.testng.internal.Invoker.invokeConfigurations(Invoker.java:222)\r\n\tat org.testng.internal.Invoker.invokeMethod(Invoker.java:520)\r\n\tat org.testng.internal.Invoker.invokeTestMethod(Invoker.java:716)\r\n\tat org.testng.internal.Invoker.invokeTestMethods(Invoker.java:988)\r\n\tat org.testng.internal.TestMethodWorker.invokeTestMethods(TestMethodWorker.java:125)\r\n\tat org.testng.internal.TestMethodWorker.run(TestMethodWorker.java:109)\r\n\tat org.testng.TestRunner.privateRun(TestRunner.java:648)\r\n\tat org.testng.TestRunner.run(TestRunner.java:505)\r\n\tat org.testng.SuiteRunner.runTest(SuiteRunner.java:455)\r\n\tat org.testng.SuiteRunner.runSequentially(SuiteRunner.java:450)\r\n\tat org.testng.SuiteRunner.privateRun(SuiteRunner.java:415)\r\n\tat org.testng.SuiteRunner.run(SuiteRunner.java:364)\r\n\tat org.testng.SuiteRunnerWorker.runSuite(SuiteRunnerWorker.java:52)\r\n\tat org.testng.SuiteRunnerWorker.run(SuiteRunnerWorker.java:84)\r\n\tat org.testng.TestNG.runSuitesSequentially(TestNG.java:1208)\r\n\tat org.testng.TestNG.runSuitesLocally(TestNG.java:1137)\r\n\tat org.testng.TestNG.runSuites(TestNG.java:1049)\r\n\tat org.testng.TestNG.run(TestNG.java:1017)\r\n\tat org.apache.maven.surefire.testng.TestNGExecutor.run(TestNGExecutor.java:283)\r\n\tat org.apache.maven.surefire.testng.TestNGXmlTestSuite.execute(TestNGXmlTestSuite.java:75)\r\n\tat org.apache.maven.surefire.testng.TestNGProvider.invoke(TestNGProvider.java:120)\r\n\tat org.apache.maven.surefire.booter.ForkedBooter.invokeProviderInSameClassLoader(ForkedBooter.java:383)\r\n\tat org.apache.maven.surefire.booter.ForkedBooter.runSuitesInProcess(ForkedBooter.java:344)\r\n\tat org.apache.maven.surefire.booter.ForkedBooter.execute(ForkedBooter.java:125)\r\n\tat org.apache.maven.surefire.booter.ForkedBooter.main(ForkedBooter.java:417)\r\n"},"stage":"finished","description":"","steps":[{"name":"navigating to application https://www.dropbox.com/basic","status":"passed","stage":"finished","steps":[],"attachments":[],"parameters":[{"name":"url","value":"https://www.dropbox.com/basic"}],"start":1611384625714,"stop":1611384635176},{"name":"Verify title of the page: Dropbox Basic (Free account) - Dropbox","status":"passed","stage":"finished","steps":[],"attachments":[{"name":"Page screenshot","source":"32435dcc-0298-4281-957d-a893090e7e52-attachment","type":"image/png"}],"parameters":[{"name":"Expectedtitle","value":"Dropbox Basic (Free account) - Dropbox"}],"start":1611384635233,"stop":1611384635862},{"name":"Updating language as English (United Kingdom)","status":"passed","stage":"finished","steps":[{"name":"click performed by user on: update language button","status":"passed","stage":"finished","steps":[],"attachments":[],"parameters":[{"name":"element","value":"[[ChromeDriver: chrome on WINDOWS (277a9fd1e3881524d37b275354b2292f)] -> xpath: //*[@title='Choose a language']]"},{"name":"locator","value":"update language button"}],"start":1611384636006,"stop":1611384636229},{"name":"click performed by user on: English (United Kingdom)","status":"passed","stage":"finished","steps":[],"attachments":[],"parameters":[{"name":"element","value":"[[ChromeDriver: chrome on WINDOWS (277a9fd1e3881524d37b275354b2292f)] -> partial link text: English (United Kingdom)]"},{"name":"locator","value":"English (United Kingdom)"}],"start":1611384636374,"stop":1611384636435}],"attachments":[{"name":"Page screenshot","source":"236bdac7-00b7-45b8-8494-2922e06054ac-attachment","type":"image/png"}],"parameters":[{"name":"expectedLanguage","value":"English (United Kingdom)"}],"start":1611384635862,"stop":1611384647040},{"name":"User login to Dropdown website","status":"failed","statusDetails":{"known":false,"muted":false,"flaky":false,"message":"login successful expected [true] but found [false]","trace":"java.lang.AssertionError: login successful expected [true] but found [false]\r\n\tat org.testng.Assert.fail(Assert.java:96)\r\n\tat com.dropbox.pages.LoginPage.verifyloginSuccess(LoginPage.java:128)\r\n\tat com.dropbox.pages.LoginPage.appLogin(LoginPage.java:111)\r\n\tat com.dropbox.init.BaseClass.beforeMethod(BaseClass.java:53)\r\n\tat sun.reflect.NativeMethodAccessorImpl.invoke0(Native Method)\r\n\tat sun.reflect.NativeMethodAccessorImpl.invoke(NativeMethodAccessorImpl.java:62)\r\n\tat sun.reflect.DelegatingMethodAccessorImpl.invoke(DelegatingMethodAccessorImpl.java:43)\r\n\tat java.lang.reflect.Method.invoke(Method.java:498)\r\n\tat org.testng.internal.MethodInvocationHelper.invokeMethod(MethodInvocationHelper.java:124)\r\n\tat org.testng.internal.MethodInvocationHelper.invokeMethodConsideringTimeout(MethodInvocationHelper.java:59)\r\n\tat org.testng.internal.Invoker.invokeConfigurationMethod(Invoker.java:455)\r\n\tat org.testng.internal.Invoker.invokeConfigurations(Invoker.java:222)\r\n\tat org.testng.internal.Invoker.invokeMethod(Invoker.java:520)\r\n\tat org.testng.internal.Invoker.invokeTestMethod(Invoker.java:716)\r\n\tat org.testng.internal.Invoker.invokeTestMethods(Invoker.java:988)\r\n\tat org.testng.internal.TestMethodWorker.invokeTestMethods(TestMethodWorker.java:125)\r\n\tat org.testng.internal.TestMethodWorker.run(TestMethodWorker.java:109)\r\n\tat org.testng.TestRunner.privateRun(TestRunner.java:648)\r\n\tat org.testng.TestRunner.run(TestRunner.java:505)\r\n\tat org.testng.SuiteRunner.runTest(SuiteRunner.java:455)\r\n\tat org.testng.SuiteRunner.runSequentially(SuiteRunner.java:450)\r\n\tat org.testng.SuiteRunner.privateRun(SuiteRunner.java:415)\r\n\tat org.testng.SuiteRunner.run(SuiteRunner.java:364)\r\n\tat org.testng.SuiteRunnerWorker.runSuite(SuiteRunnerWorker.java:52)\r\n\tat org.testng.SuiteRunnerWorker.run(SuiteRunnerWorker.java:84)\r\n\tat org.testng.TestNG.runSuitesSequentially(TestNG.java:1208)\r\n\tat org.testng.TestNG.runSuitesLocally(TestNG.java:1137)\r\n\tat org.testng.TestNG.runSuites(TestNG.java:1049)\r\n\tat org.testng.TestNG.run(TestNG.java:1017)\r\n\tat org.apache.maven.surefire.testng.TestNGExecutor.run(TestNGExecutor.java:283)\r\n\tat org.apache.maven.surefire.testng.TestNGXmlTestSuite.execute(TestNGXmlTestSuite.java:75)\r\n\tat org.apache.maven.surefire.testng.TestNGProvider.invoke(TestNGProvider.java:120)\r\n\tat org.apache.maven.surefire.booter.ForkedBooter.invokeProviderInSameClassLoader(ForkedBooter.java:383)\r\n\tat org.apache.maven.surefire.booter.ForkedBooter.runSuitesInProcess(ForkedBooter.java:344)\r\n\tat org.apache.maven.surefire.booter.ForkedBooter.execute(ForkedBooter.java:125)\r\n\tat org.apache.maven.surefire.booter.ForkedBooter.main(ForkedBooter.java:417)\r\n"},"stage":"finished","steps":[{"name":"click performed by user on: sign in link","status":"passed","stage":"finished","steps":[],"attachments":[],"parameters":[{"name":"element","value":"[[ChromeDriver: chrome on WINDOWS (277a9fd1e3881524d37b275354b2292f)] -> link text: Sign in]"},{"name":"locator","value":"sign in link"}],"start":1611384647076,"stop":1611384654808},{"name":"Verify title of the page: Login - Dropbox","status":"passed","stage":"finished","steps":[],"attachments":[{"name":"Page screenshot","source":"b45c0599-60e8-407c-b7df-21bea50b7f7a-attachment","type":"image/png"}],"parameters":[{"name":"Expectedtitle","value":"Login - Dropbox"}],"start":1611384654808,"stop":1611384655310},{"name":"User Entered text: rahulvats1990@outlook.com in locator username","status":"passed","stage":"finished","steps":[],"attachments":[],"parameters":[{"name":"element","value":"[[ChromeDriver: chrome on WINDOWS (277a9fd1e3881524d37b275354b2292f)] -> name: login_email]"},{"name":"text","value":"rahulvats1990@outlook.com"},{"name":"locator","value":"username"}],"start":1611384655370,"stop":1611384655658},{"name":"User Entered text: random@123 in locator password","status":"passed","stage":"finished","steps":[],"attachments":[],"parameters":[{"name":"element","value":"[[ChromeDriver: chrome on WINDOWS (277a9fd1e3881524d37b275354b2292f)] -> name: login_password]"},{"name":"text","value":"random@123"},{"name":"locator","value":"password"}],"start":1611384655675,"stop":1611384655826},{"name":"click performed by user on: sign in button","status":"passed","stage":"finished","steps":[],"attachments":[],"parameters":[{"name":"element","value":"[[ChromeDriver: chrome on WINDOWS (277a9fd1e3881524d37b275354b2292f)] -> xpath: //button[@type='submit' and ./div[contains(@class, 'signin')]]]"},{"name":"locator","value":"sign in button"}],"start":1611384655844,"stop":1611384655926},{"name":"Verify Login Success","status":"failed","statusDetails":{"known":false,"muted":false,"flaky":false,"message":"login successful expected [true] but found [false]","trace":"java.lang.AssertionError: login successful expected [true] but found [false]\r\n\tat org.testng.Assert.fail(Assert.java:96)\r\n\tat com.dropbox.pages.LoginPage.verifyloginSuccess(LoginPage.java:128)\r\n\tat com.dropbox.pages.LoginPage.appLogin(LoginPage.java:111)\r\n\tat com.dropbox.init.BaseClass.beforeMethod(BaseClass.java:53)\r\n\tat sun.reflect.NativeMethodAccessorImpl.invoke0(Native Method)\r\n\tat sun.reflect.NativeMethodAccessorImpl.invoke(NativeMethodAccessorImpl.java:62)\r\n\tat sun.reflect.DelegatingMethodAccessorImpl.invoke(DelegatingMethodAccessorImpl.java:43)\r\n\tat java.lang.reflect.Method.invoke(Method.java:498)\r\n\tat org.testng.internal.MethodInvocationHelper.invokeMethod(MethodInvocationHelper.java:124)\r\n\tat org.testng.internal.MethodInvocationHelper.invokeMethodConsideringTimeout(MethodInvocationHelper.java:59)\r\n\tat org.testng.internal.Invoker.invokeConfigurationMethod(Invoker.java:455)\r\n\tat org.testng.internal.Invoker.invokeConfigurations(Invoker.java:222)\r\n\tat org.testng.internal.Invoker.invokeMethod(Invoker.java:520)\r\n\tat org.testng.internal.Invoker.invokeTestMethod(Invoker.java:716)\r\n\tat org.testng.internal.Invoker.invokeTestMethods(Invoker.java:988)\r\n\tat org.testng.internal.TestMethodWorker.invokeTestMethods(TestMethodWorker.java:125)\r\n\tat org.testng.internal.TestMethodWorker.run(TestMethodWorker.java:109)\r\n\tat org.testng.TestRunner.privateRun(TestRunner.java:648)\r\n\tat org.testng.TestRunner.run(TestRunner.java:505)\r\n\tat org.testng.SuiteRunner.runTest(SuiteRunner.java:455)\r\n\tat org.testng.SuiteRunner.runSequentially(SuiteRunner.java:450)\r\n\tat org.testng.SuiteRunner.privateRun(SuiteRunner.java:415)\r\n\tat org.testng.SuiteRunner.run(SuiteRunner.java:364)\r\n\tat org.testng.SuiteRunnerWorker.runSuite(SuiteRunnerWorker.java:52)\r\n\tat org.testng.SuiteRunnerWorker.run(SuiteRunnerWorker.java:84)\r\n\tat org.testng.TestNG.runSuitesSequentially(TestNG.java:1208)\r\n\tat org.testng.TestNG.runSuitesLocally(TestNG.java:1137)\r\n\tat org.testng.TestNG.runSuites(TestNG.java:1049)\r\n\tat org.testng.TestNG.run(TestNG.java:1017)\r\n\tat org.apache.maven.surefire.testng.TestNGExecutor.run(TestNGExecutor.java:283)\r\n\tat org.apache.maven.surefire.testng.TestNGXmlTestSuite.execute(TestNGXmlTestSuite.java:75)\r\n\tat org.apache.maven.surefire.testng.TestNGProvider.invoke(TestNGProvider.java:120)\r\n\tat org.apache.maven.surefire.booter.ForkedBooter.invokeProviderInSameClassLoader(ForkedBooter.java:383)\r\n\tat org.apache.maven.surefire.booter.ForkedBooter.runSuitesInProcess(ForkedBooter.java:344)\r\n\tat org.apache.maven.surefire.booter.ForkedBooter.execute(ForkedBooter.java:125)\r\n\tat org.apache.maven.surefire.booter.ForkedBooter.main(ForkedBooter.java:417)\r\n"},"stage":"finished","steps":[],"attachments":[{"name":"Page screenshot","source":"8759600a-57c4-4eac-be93-477e4aaaafad-attachment","type":"image/png"}],"parameters":[],"start":1611384655926,"stop":1611384666986}],"attachments":[],"parameters":[{"name":"username","value":"rahulvats1990@outlook.com"},{"name":"password","value":"random@123"},{"name":"isvalidLogin","value":"true"}],"start":1611384647040,"stop":1611384666986}],"attachments":[],"parameters":[],"start":1611384620257,"stop":1611384666986}],"afters":[],"links":[],"start":1611384620257,"stop":1611384666986}