{"uuid":"78c3a4f7-94de-40de-9c5d-23a8f5b5cd53","name":"com.dropbox.init.BaseClass.beforeMethod","children":["58ed2ed0-6392-4ce4-a1ce-410096b9df63"],"description":"","befores":[{"name":"beforeMethod","status":"failed","statusDetails":{"known":false,"muted":false,"flaky":false,"message":"login successful expected [true] but found [false]","trace":"java.lang.AssertionError: login successful expected [true] but found [false]\r\n\tat org.testng.Assert.fail(Assert.java:96)\r\n\tat com.dropbox.pages.LoginPage.verifyloginSuccess(LoginPage.java:128)\r\n\tat com.dropbox.pages.LoginPage.appLogin(LoginPage.java:111)\r\n\tat com.dropbox.init.BaseClass.beforeMethod(BaseClass.java:53)\r\n\tat sun.reflect.NativeMethodAccessorImpl.invoke0(Native Method)\r\n\tat sun.reflect.NativeMethodAccessorImpl.invoke(NativeMethodAccessorImpl.java:62)\r\n\tat sun.reflect.DelegatingMethodAccessorImpl.invoke(DelegatingMethodAccessorImpl.java:43)\r\n\tat java.lang.reflect.Method.invoke(Method.java:498)\r\n\tat org.testng.internal.MethodInvocationHelper.invokeMethod(MethodInvocationHelper.java:124)\r\n\tat org.testng.internal.MethodInvocationHelper.invokeMethodConsideringTimeout(MethodInvocationHelper.java:59)\r\n\tat org.testng.internal.Invoker.invokeConfigurationMethod(Invoker.java:455)\r\n\tat org.testng.internal.Invoker.invokeConfigurations(Invoker.java:222)\r\n\tat org.testng.internal.Invoker.invokeMethod(Invoker.java:520)\r\n\tat org.testng.internal.Invoker.invokeTestMethod(Invoker.java:716)\r\n\tat org.testng.internal.Invoker.invokeTestMethods(Invoker.java:988)\r\n\tat org.testng.internal.TestMethodWorker.invokeTestMethods(TestMethodWorker.java:125)\r\n\tat org.testng.internal.TestMethodWorker.run(TestMethodWorker.java:109)\r\n\tat org.testng.TestRunner.privateRun(TestRunner.java:648)\r\n\tat org.testng.TestRunner.run(TestRunner.java:505)\r\n\tat org.testng.SuiteRunner.runTest(SuiteRunner.java:455)\r\n\tat org.testng.SuiteRunner.runSequentially(SuiteRunner.java:450)\r\n\tat org.testng.SuiteRunner.privateRun(SuiteRunner.java:415)\r\n\tat org.testng.SuiteRunner.run(SuiteRunner.java:364)\r\n\tat org.testng.SuiteRunnerWorker.runSuite(SuiteRunnerWorker.java:52)\r\n\tat org.testng.SuiteRunnerWorker.run(SuiteRunnerWorker.java:84)\r\n\tat org.testng.TestNG.runSuitesSequentially(TestNG.java:1208)\r\n\tat org.testng.TestNG.runSuitesLocally(TestNG.java:1137)\r\n\tat org.testng.TestNG.runSuites(TestNG.java:1049)\r\n\tat org.testng.TestNG.run(TestNG.java:1017)\r\n\tat org.apache.maven.surefire.testng.TestNGExecutor.run(TestNGExecutor.java:283)\r\n\tat org.apache.maven.surefire.testng.TestNGXmlTestSuite.execute(TestNGXmlTestSuite.java:75)\r\n\tat org.apache.maven.surefire.testng.TestNGProvider.invoke(TestNGProvider.java:120)\r\n\tat org.apache.maven.surefire.booter.ForkedBooter.invokeProviderInSameClassLoader(ForkedBooter.java:383)\r\n\tat org.apache.maven.surefire.booter.ForkedBooter.runSuitesInProcess(ForkedBooter.java:344)\r\n\tat org.apache.maven.surefire.booter.ForkedBooter.execute(ForkedBooter.java:125)\r\n\tat org.apache.maven.surefire.booter.ForkedBooter.main(ForkedBooter.java:417)\r\n"},"stage":"finished","description":"","steps":[{"name":"navigating to application https://www.dropbox.com/basic","status":"passed","stage":"finished","steps":[],"attachments":[],"parameters":[{"name":"url","value":"https://www.dropbox.com/basic"}],"start":1611384434009,"stop":1611384444742},{"name":"Verify title of the page: Dropbox Basic (Free account) - Dropbox","status":"passed","stage":"finished","steps":[],"attachments":[{"name":"Page screenshot","source":"a6fd6e75-a709-4b93-b5e9-e697157b8003-attachment","type":"image/png"}],"parameters":[{"name":"Expectedtitle","value":"Dropbox Basic (Free account) - Dropbox"}],"start":1611384448064,"stop":1611384449245},{"name":"Updating language as English (United Kingdom)","status":"passed","stage":"finished","steps":[{"name":"click performed by user on: update language button","status":"passed","stage":"finished","steps":[],"attachments":[],"parameters":[{"name":"element","value":"[[ChromeDriver: chrome on WINDOWS (beca8186f365a2e904f2b89046c52fe5)] -> xpath: //*[@title='Choose a language']]"},{"name":"locator","value":"update language button"}],"start":1611384449455,"stop":1611384451131},{"name":"click performed by user on: English (United Kingdom)","status":"passed","stage":"finished","steps":[],"attachments":[],"parameters":[{"name":"element","value":"[[ChromeDriver: chrome on WINDOWS (beca8186f365a2e904f2b89046c52fe5)] -> partial link text: English (United Kingdom)]"},{"name":"locator","value":"English (United Kingdom)"}],"start":1611384451245,"stop":1611384451336}],"attachments":[{"name":"Page screenshot","source":"d8ef66e1-ec05-4723-a73a-b1bdfd39d781-attachment","type":"image/png"}],"parameters":[{"name":"expectedLanguage","value":"English (United Kingdom)"}],"start":1611384449250,"stop":1611384462126},{"name":"User login to Dropdown website","status":"failed","statusDetails":{"known":false,"muted":false,"flaky":false,"message":"login successful expected [true] but found [false]","trace":"java.lang.AssertionError: login successful expected [true] but found [false]\r\n\tat org.testng.Assert.fail(Assert.java:96)\r\n\tat com.dropbox.pages.LoginPage.verifyloginSuccess(LoginPage.java:128)\r\n\tat com.dropbox.pages.LoginPage.appLogin(LoginPage.java:111)\r\n\tat com.dropbox.init.BaseClass.beforeMethod(BaseClass.java:53)\r\n\tat sun.reflect.NativeMethodAccessorImpl.invoke0(Native Method)\r\n\tat sun.reflect.NativeMethodAccessorImpl.invoke(NativeMethodAccessorImpl.java:62)\r\n\tat sun.reflect.DelegatingMethodAccessorImpl.invoke(DelegatingMethodAccessorImpl.java:43)\r\n\tat java.lang.reflect.Method.invoke(Method.java:498)\r\n\tat org.testng.internal.MethodInvocationHelper.invokeMethod(MethodInvocationHelper.java:124)\r\n\tat org.testng.internal.MethodInvocationHelper.invokeMethodConsideringTimeout(MethodInvocationHelper.java:59)\r\n\tat org.testng.internal.Invoker.invokeConfigurationMethod(Invoker.java:455)\r\n\tat org.testng.internal.Invoker.invokeConfigurations(Invoker.java:222)\r\n\tat org.testng.internal.Invoker.invokeMethod(Invoker.java:520)\r\n\tat org.testng.internal.Invoker.invokeTestMethod(Invoker.java:716)\r\n\tat org.testng.internal.Invoker.invokeTestMethods(Invoker.java:988)\r\n\tat org.testng.internal.TestMethodWorker.invokeTestMethods(TestMethodWorker.java:125)\r\n\tat org.testng.internal.TestMethodWorker.run(TestMethodWorker.java:109)\r\n\tat org.testng.TestRunner.privateRun(TestRunner.java:648)\r\n\tat org.testng.TestRunner.run(TestRunner.java:505)\r\n\tat org.testng.SuiteRunner.runTest(SuiteRunner.java:455)\r\n\tat org.testng.SuiteRunner.runSequentially(SuiteRunner.java:450)\r\n\tat org.testng.SuiteRunner.privateRun(SuiteRunner.java:415)\r\n\tat org.testng.SuiteRunner.run(SuiteRunner.java:364)\r\n\tat org.testng.SuiteRunnerWorker.runSuite(SuiteRunnerWorker.java:52)\r\n\tat org.testng.SuiteRunnerWorker.run(SuiteRunnerWorker.java:84)\r\n\tat org.testng.TestNG.runSuitesSequentially(TestNG.java:1208)\r\n\tat org.testng.TestNG.runSuitesLocally(TestNG.java:1137)\r\n\tat org.testng.TestNG.runSuites(TestNG.java:1049)\r\n\tat org.testng.TestNG.run(TestNG.java:1017)\r\n\tat org.apache.maven.surefire.testng.TestNGExecutor.run(TestNGExecutor.java:283)\r\n\tat org.apache.maven.surefire.testng.TestNGXmlTestSuite.execute(TestNGXmlTestSuite.java:75)\r\n\tat org.apache.maven.surefire.testng.TestNGProvider.invoke(TestNGProvider.java:120)\r\n\tat org.apache.maven.surefire.booter.ForkedBooter.invokeProviderInSameClassLoader(ForkedBooter.java:383)\r\n\tat org.apache.maven.surefire.booter.ForkedBooter.runSuitesInProcess(ForkedBooter.java:344)\r\n\tat org.apache.maven.surefire.booter.ForkedBooter.execute(ForkedBooter.java:125)\r\n\tat org.apache.maven.surefire.booter.ForkedBooter.main(ForkedBooter.java:417)\r\n"},"stage":"finished","steps":[{"name":"click performed by user on: sign in link","status":"passed","stage":"finished","steps":[],"attachments":[],"parameters":[{"name":"element","value":"[[ChromeDriver: chrome on WINDOWS (beca8186f365a2e904f2b89046c52fe5)] -> link text: Sign in]"},{"name":"locator","value":"sign in link"}],"start":1611384462180,"stop":1611384473915},{"name":"Verify title of the page: Login - Dropbox","status":"passed","stage":"finished","steps":[],"attachments":[{"name":"Page screenshot","source":"a5b579b4-4e8d-4f8f-b509-45feb4394431-attachment","type":"image/png"}],"parameters":[{"name":"Expectedtitle","value":"Login - Dropbox"}],"start":1611384473915,"stop":1611384474386},{"name":"User Entered text: rahulvats1990@outlook.com in locator username","status":"passed","stage":"finished","steps":[],"attachments":[],"parameters":[{"name":"element","value":"[[ChromeDriver: chrome on WINDOWS (beca8186f365a2e904f2b89046c52fe5)] -> name: login_email]"},{"name":"text","value":"rahulvats1990@outlook.com"},{"name":"locator","value":"username"}],"start":1611384474455,"stop":1611384475260},{"name":"User Entered text: random@123 in locator password","status":"passed","stage":"finished","steps":[],"attachments":[],"parameters":[{"name":"element","value":"[[ChromeDriver: chrome on WINDOWS (beca8186f365a2e904f2b89046c52fe5)] -> name: login_password]"},{"name":"text","value":"random@123"},{"name":"locator","value":"password"}],"start":1611384475296,"stop":1611384475454},{"name":"click performed by user on: sign in button","status":"passed","stage":"finished","steps":[],"attachments":[],"parameters":[{"name":"element","value":"[[ChromeDriver: chrome on WINDOWS (beca8186f365a2e904f2b89046c52fe5)] -> xpath: //button[@type='submit' and ./div[contains(@class, 'signin')]]]"},{"name":"locator","value":"sign in button"}],"start":1611384475496,"stop":1611384475582},{"name":"Verify Login Success","status":"failed","statusDetails":{"known":false,"muted":false,"flaky":false,"message":"login successful expected [true] but found [false]","trace":"java.lang.AssertionError: login successful expected [true] but found [false]\r\n\tat org.testng.Assert.fail(Assert.java:96)\r\n\tat com.dropbox.pages.LoginPage.verifyloginSuccess(LoginPage.java:128)\r\n\tat com.dropbox.pages.LoginPage.appLogin(LoginPage.java:111)\r\n\tat com.dropbox.init.BaseClass.beforeMethod(BaseClass.java:53)\r\n\tat sun.reflect.NativeMethodAccessorImpl.invoke0(Native Method)\r\n\tat sun.reflect.NativeMethodAccessorImpl.invoke(NativeMethodAccessorImpl.java:62)\r\n\tat sun.reflect.DelegatingMethodAccessorImpl.invoke(DelegatingMethodAccessorImpl.java:43)\r\n\tat java.lang.reflect.Method.invoke(Method.java:498)\r\n\tat org.testng.internal.MethodInvocationHelper.invokeMethod(MethodInvocationHelper.java:124)\r\n\tat org.testng.internal.MethodInvocationHelper.invokeMethodConsideringTimeout(MethodInvocationHelper.java:59)\r\n\tat org.testng.internal.Invoker.invokeConfigurationMethod(Invoker.java:455)\r\n\tat org.testng.internal.Invoker.invokeConfigurations(Invoker.java:222)\r\n\tat org.testng.internal.Invoker.invokeMethod(Invoker.java:520)\r\n\tat org.testng.internal.Invoker.invokeTestMethod(Invoker.java:716)\r\n\tat org.testng.internal.Invoker.invokeTestMethods(Invoker.java:988)\r\n\tat org.testng.internal.TestMethodWorker.invokeTestMethods(TestMethodWorker.java:125)\r\n\tat org.testng.internal.TestMethodWorker.run(TestMethodWorker.java:109)\r\n\tat org.testng.TestRunner.privateRun(TestRunner.java:648)\r\n\tat org.testng.TestRunner.run(TestRunner.java:505)\r\n\tat org.testng.SuiteRunner.runTest(SuiteRunner.java:455)\r\n\tat org.testng.SuiteRunner.runSequentially(SuiteRunner.java:450)\r\n\tat org.testng.SuiteRunner.privateRun(SuiteRunner.java:415)\r\n\tat org.testng.SuiteRunner.run(SuiteRunner.java:364)\r\n\tat org.testng.SuiteRunnerWorker.runSuite(SuiteRunnerWorker.java:52)\r\n\tat org.testng.SuiteRunnerWorker.run(SuiteRunnerWorker.java:84)\r\n\tat org.testng.TestNG.runSuitesSequentially(TestNG.java:1208)\r\n\tat org.testng.TestNG.runSuitesLocally(TestNG.java:1137)\r\n\tat org.testng.TestNG.runSuites(TestNG.java:1049)\r\n\tat org.testng.TestNG.run(TestNG.java:1017)\r\n\tat org.apache.maven.surefire.testng.TestNGExecutor.run(TestNGExecutor.java:283)\r\n\tat org.apache.maven.surefire.testng.TestNGXmlTestSuite.execute(TestNGXmlTestSuite.java:75)\r\n\tat org.apache.maven.surefire.testng.TestNGProvider.invoke(TestNGProvider.java:120)\r\n\tat org.apache.maven.surefire.booter.ForkedBooter.invokeProviderInSameClassLoader(ForkedBooter.java:383)\r\n\tat org.apache.maven.surefire.booter.ForkedBooter.runSuitesInProcess(ForkedBooter.java:344)\r\n\tat org.apache.maven.surefire.booter.ForkedBooter.execute(ForkedBooter.java:125)\r\n\tat org.apache.maven.surefire.booter.ForkedBooter.main(ForkedBooter.java:417)\r\n"},"stage":"finished","steps":[],"attachments":[{"name":"Page screenshot","source":"8a84b565-0aa8-4451-89e7-6ea30d034ae3-attachment","type":"image/png"}],"parameters":[],"start":1611384475582,"stop":1611384486464}],"attachments":[],"parameters":[{"name":"username","value":"rahulvats1990@outlook.com"},{"name":"password","value":"random@123"},{"name":"isvalidLogin","value":"true"}],"start":1611384462126,"stop":1611384486464}],"attachments":[],"parameters":[],"start":1611384418225,"stop":1611384486472}],"afters":[],"links":[],"start":1611384418225,"stop":1611384486480}